Sat Nov 02 17:23:37 IST 2024 : Apache Derby Network Server - 10.14.2.0 - (1828579) started and ready to accept connections on port 1527
----------------------------------------------------------------
Sat Nov 02 17:23:37 IST 2024:
Booting Derby version The Apache Software Foundation - Apache Derby - 10.14.2.0 - (1828579): instance a816c00e-0192-ecb9-4356-00003d07a2ac 
on database directory /Users/geet/NetBeansProjects/Minor_Project/PharmaDb with class loader jdk.internal.loader.ClassLoaders$AppClassLoader@531d72ca 
Loaded from file:/Library/Java/JavaVirtualMachines/jdk-17.jdk/db-derby-10.14.2.0-bin/lib/derby.jar
java.vendor=Oracle Corporation
java.runtime.version=17.0.7+8-LTS-224
user.dir=/Library/Java/JavaVirtualMachines/jdk-17.jdk/db-derby-10.14.2.0-bin
os.name=Mac OS X
os.arch=aarch64
os.version=13.3
derby.system.home=/Users/geet/NetBeansProjects/Minor_Project
Database Class Loader started - derby.database.classpath=''
----------------------------------------------------------------
Sat Nov 02 17:24:04 IST 2024:
Booting Derby version The Apache Software Foundation - Apache Derby - 10.14.2.0 - (1828579): instance a094c023-0192-ecb9-4356-00003d07a2ac 
on database directory /Users/geet/NetBeansProjects/Minor_Project/sample with class loader jdk.internal.loader.ClassLoaders$AppClassLoader@531d72ca 
Loaded from file:/Library/Java/JavaVirtualMachines/jdk-17.jdk/db-derby-10.14.2.0-bin/lib/derby.jar
java.vendor=Oracle Corporation
java.runtime.version=17.0.7+8-LTS-224
user.dir=/Library/Java/JavaVirtualMachines/jdk-17.jdk/db-derby-10.14.2.0-bin
os.name=Mac OS X
os.arch=aarch64
os.version=13.3
derby.system.home=/Users/geet/NetBeansProjects/Minor_Project
Database Class Loader started - derby.database.classpath=''
----------------------------------------------------------------
Sat Nov 02 18:38:04 IST 2024: Shutting down Derby engine
----------------------------------------------------------------
Sat Nov 02 18:38:04 IST 2024:
Shutting down instance a094c023-0192-ecb9-4356-00003d07a2ac on database directory /Users/geet/NetBeansProjects/Minor_Project/sample with class loader jdk.internal.loader.ClassLoaders$AppClassLoader@531d72ca 
----------------------------------------------------------------
Sat Nov 02 18:38:04 IST 2024:
Shutting down instance a816c00e-0192-ecb9-4356-00003d07a2ac on database directory /Users/geet/NetBeansProjects/Minor_Project/PharmaDb with class loader jdk.internal.loader.ClassLoaders$AppClassLoader@531d72ca 
----------------------------------------------------------------
